[debug] [2020-10-20T23:29:54.535Z] ----------------------------------------------------------------------
[debug] [2020-10-20T23:29:54.536Z] Command:       C:\Program Files\nodejs\node.exe C:\Users\German\AppData\Roaming\npm\node_modules\firebase-tools\lib\bin\firebase.js deploy
[debug] [2020-10-20T23:29:54.536Z] CLI Version:   8.10.0
[debug] [2020-10-20T23:29:54.536Z] Platform:      win32
[debug] [2020-10-20T23:29:54.537Z] Node Version:  v12.13.1
[debug] [2020-10-20T23:29:54.537Z] Time:          Tue Oct 20 2020 20:29:54 GMT-0300 (GMT-03:00)
[debug] [2020-10-20T23:29:54.537Z] ----------------------------------------------------------------------
[debug] [2020-10-20T23:29:54.538Z] 
[debug] [2020-10-20T23:29:54.543Z] > command requires scopes: ["email","openid","https://www.googleapis.com/auth/cloudplatformprojects.readonly","https://www.googleapis.com/auth/firebase","https://www.googleapis.com/auth/cloud-platform"]
[debug] [2020-10-20T23:29:54.544Z] > authorizing via signed-in user
[debug] [2020-10-20T23:29:54.544Z] [iam] checking project vivevillasoriano for permissions ["firebase.projects.get","firebasehosting.sites.update"]
[debug] [2020-10-20T23:29:54.546Z] >>> HTTP REQUEST POST https://cloudresourcemanager.googleapis.com/v1/projects/vivevillasoriano:testIamPermissions  
 {"permissions":["firebase.projects.get","firebasehosting.sites.update"]}
[debug] [2020-10-20T23:29:55.570Z] <<< HTTP RESPONSE 200 {"content-type":"application/json; charset=UTF-8","vary":"X-Origin, Referer, Origin,Accept-Encoding","date":"Tue, 20 Oct 2020 23:29:54 GMT","server":"ESF","cache-control":"private","x-xss-protection":"0","x-frame-options":"SAMEORIGIN","x-content-type-options":"nosniff","server-timing":"gfet4t7; dur=941","alt-svc":"h3-Q050=\":443\"; ma=2592000,h3-29=\":443\"; ma=2592000,h3-27=\":443\"; ma=2592000,h3-T051=\":443\"; ma=2592000,h3-T050=\":443\"; ma=2592000,h3-Q046=\":443\"; ma=2592000,h3-Q043=\":443\"; ma=2592000,quic=\":443\"; ma=2592000; v=\"46,43\"","accept-ranges":"none","transfer-encoding":"chunked"}
[debug] [2020-10-20T23:29:55.572Z] >>> HTTP REQUEST GET https://firebase.googleapis.com/v1beta1/projects/vivevillasoriano  
 
[debug] [2020-10-20T23:29:55.897Z] <<< HTTP RESPONSE 200 {"content-type":"application/json; charset=UTF-8","vary":"X-Origin, Referer, Origin,Accept-Encoding","date":"Tue, 20 Oct 2020 23:29:54 GMT","server":"ESF","cache-control":"private","x-xss-protection":"0","x-frame-options":"SAMEORIGIN","x-content-type-options":"nosniff","alt-svc":"h3-Q050=\":443\"; ma=2592000,h3-29=\":443\"; ma=2592000,h3-27=\":443\"; ma=2592000,h3-T051=\":443\"; ma=2592000,h3-T050=\":443\"; ma=2592000,h3-Q046=\":443\"; ma=2592000,h3-Q043=\":443\"; ma=2592000,quic=\":443\"; ma=2592000; v=\"46,43\"","accept-ranges":"none","transfer-encoding":"chunked"}
[info] 
[info] === Deploying to 'vivevillasoriano'...
[info] 
[info] i  deploying hosting 
[debug] [2020-10-20T23:29:55.914Z] >>> HTTP REQUEST POST https://firebasehosting.googleapis.com/v1beta1/sites/vivevillasoriano/versions  
 {"config":{"rewrites":[{"glob":"**","path":"/index.html"}]},"labels":{"deployment-tool":"cli-firebase"}}
[debug] [2020-10-20T23:29:57.467Z] <<< HTTP RESPONSE 200 {"content-type":"application/json; charset=UTF-8","vary":"X-Origin, Referer, Origin,Accept-Encoding","date":"Tue, 20 Oct 2020 23:29:56 GMT","server":"ESF","cache-control":"private","x-xss-protection":"0","x-frame-options":"SAMEORIGIN","x-content-type-options":"nosniff","alt-svc":"h3-Q050=\":443\"; ma=2592000,h3-29=\":443\"; ma=2592000,h3-27=\":443\"; ma=2592000,h3-T051=\":443\"; ma=2592000,h3-T050=\":443\"; ma=2592000,h3-Q046=\":443\"; ma=2592000,h3-Q043=\":443\"; ma=2592000,quic=\":443\"; ma=2592000; v=\"46,43\"","accept-ranges":"none","transfer-encoding":"chunked"}
[info] i  hosting[vivevillasoriano]: beginning deploy... 
[info] i  hosting[vivevillasoriano]: found 154 files in dist/webarSubitored 
[debug] [2020-10-20T23:29:57.547Z] [hosting] hash cache [ZGlzdFx3ZWJhclN1Yml0b3JlZA] stored for 154 files
[debug] [2020-10-20T23:29:57.547Z] [hosting][hash queue][FINAL] {"max":4,"min":0,"avg":1.5401555844763906,"active":0,"complete":154,"success":154,"errored":0,"retried":0,"total":154,"elapsed":12}
[debug] [2020-10-20T23:29:57.548Z] >>> HTTP REQUEST POST https://firebasehosting.googleapis.com/v1beta1/sites/vivevillasoriano/versions/b6d97144b7af37cd:populateFiles  
 <request body omitted>
